<?xml version="1.0" encoding="UTF-8"?>
<!-- Generated by org.testng.reporters.JUnitReportReporter -->
<testsuite hostname="LAPTOP-3NFN0V0A" failures="0" tests="1" name="datadriven_testng.DD_Testing" time="4.561" errors="0" timestamp="2024-08-24T18:02:44 IST" skipped="0">
  <testcase classname="datadriven_testng.DD_Testing" name="f" time="4.561"/>
  <system-out/>
</testsuite> <!-- datadriven_testng.DD_Testing -->
