<?xml version="1.0" encoding="UTF-8"?>
<!-- Generated by org.testng.reporters.JUnitReportReporter -->
<testsuite hostname="LAPTOP-3NFN0V0A" failures="0" tests="1" name="without_POM.Execution" time="2.458" errors="0" timestamp="2024-08-24T16:31:55 IST" skipped="0">
  <testcase classname="without_POM.Execution" name="login" time="2.458"/>
  <system-out/>
</testsuite> <!-- without_POM.Execution -->
