<?xml version="1.0" encoding="UTF-8"?>
<!-- Generated by org.testng.reporters.JUnitReportReporter -->
<testsuite hostname="LAPTOP-3NFN0V0A" failures="0" tests="1" name="parameterizationTypes.parameterization1" time="0.010" errors="0" timestamp="2024-08-22T12:00:47 IST" skipped="0">
  <testcase classname="parameterizationTypes.parameterization1" name="f" time="0.010"/>
  <system-out/>
</testsuite> <!-- parameterizationTypes.parameterization1 -->
