<?xml version="1.0" encoding="UTF-8"?>
<!-- Generated by org.testng.reporters.JUnitReportReporter -->
<testsuite hostname="LAPTOP-3NFN0V0A" failures="0" tests="1" name="testNGPack.second1" time="0.001" errors="0" timestamp="2024-08-13T22:26:24 IST" skipped="0">
  <testcase classname="testNGPack.second1" name="m2" time="0.001"/>
  <system-out/>
</testsuite> <!-- testNGPack.second1 -->
