<?xml version="1.0" encoding="UTF-8"?>
<!-- Generated by org.testng.reporters.JUnitReportReporter -->
<testsuite hostname="LAPTOP-3NFN0V0A" failures="0" tests="8" name="testNGPack.iterations" time="0.019" errors="0" timestamp="2024-08-13T22:13:45 IST" skipped="0">
  <testcase classname="testNGPack.iterations" name="m1" time="0.011"/>
  <system-out/>
  <testcase classname="testNGPack.iterations" name="m2" time="0.001"/>
  <system-out/>
  <testcase classname="testNGPack.iterations" name="m2" time="0.001"/>
  <system-out/>
  <testcase classname="testNGPack.iterations" name="m2" time="0.001"/>
  <system-out/>
  <testcase classname="testNGPack.iterations" name="m2" time="0.001"/>
  <system-out/>
  <testcase classname="testNGPack.iterations" name="m2" time="0.001"/>
  <system-out/>
  <testcase classname="testNGPack.iterations" name="m2" time="0.002"/>
  <system-out/>
  <testcase classname="testNGPack.iterations" name="m2" time="0.001"/>
  <system-out/>
</testsuite> <!-- testNGPack.iterations -->
