<?xml version="1.0" encoding="UTF-8"?>
<!-- Generated by org.testng.reporters.JUnitReportReporter -->
<testsuite hostname="LAPTOP-3NFN0V0A" failures="0" tests="1" name="keyworddriven.actionkeyword" time="2.176" errors="0" timestamp="2024-08-26T18:25:26 IST" skipped="0">
  <testcase classname="keyworddriven.actionkeyword" name="openBrowser" time="2.176"/>
  <system-out/>
</testsuite> <!-- keyworddriven.actionkeyword -->
