<?xml version="1.0" encoding="UTF-8"?>
<!-- Generated by org.testng.reporters.JUnitReportReporter -->
<testsuite hostname="LAPTOP-3NFN0V0A" failures="0" tests="3" name="testNGPack.grouping" time="0.012" errors="0" timestamp="2024-08-14T17:39:58 IST" skipped="0">
  <testcase classname="testNGPack.grouping" name="Scooter2" time="0.001"/>
  <system-out/>
  <testcase classname="testNGPack.grouping" name="Scooter1" time="0.010"/>
  <system-out/>
  <testcase classname="testNGPack.grouping" name="Sedan1" time="0.001"/>
  <system-out/>
</testsuite> <!-- testNGPack.grouping -->
