<?xml version="1.0" encoding="UTF-8"?>
<!-- Generated by org.testng.reporters.JUnitReportReporter -->
<testsuite hostname="LAPTOP-3NFN0V0A" failures="0" tests="1" name="testNGPack.annotations" time="0.007" errors="0" timestamp="2024-08-13T22:07:41 IST" skipped="0">
  <testcase classname="testNGPack.annotations" name="testcase1" time="0.007"/>
  <system-out/>
</testsuite> <!-- testNGPack.annotations -->
