<?xml version="1.0" encoding="UTF-8"?>
<!-- Generated by org.testng.reporters.JUnitReportReporter -->
<testsuite hostname="LAPTOP-3NFN0V0A" failures="0" tests="3" name="testNGPack.DependentonMethod" time="0.011" errors="0" timestamp="2024-08-13T22:12:32 IST" skipped="0">
  <testcase classname="testNGPack.DependentonMethod" name="SignIn" time="0.001"/>
  <system-out/>
  <testcase classname="testNGPack.DependentonMethod" name="LogOut" time="0.001"/>
  <system-out/>
  <testcase classname="testNGPack.DependentonMethod" name="OpenBrowser" time="0.009"/>
  <system-out/>
</testsuite> <!-- testNGPack.DependentonMethod -->
