<?xml version="1.0" encoding="UTF-8"?>
<!-- Generated by org.testng.reporters.JUnitReportReporter -->
<testsuite hostname="LAPTOP-3NFN0V0A" failures="0" tests="1" name="testNGPack.test1" time="5.513" errors="0" timestamp="2024-08-09T19:39:31 IST" skipped="0">
  <testcase classname="testNGPack.test1" name="getUrl" time="5.513"/>
  <system-out/>
</testsuite> <!-- testNGPack.test1 -->
