<?xml version="1.0" encoding="UTF-8"?>
<!-- Generated by org.testng.reporters.JUnitReportReporter -->
<testsuite hostname="LAPTOP-3NFN0V0A" failures="0" tests="1" name="testNGPack.NewTest" time="9.248" errors="0" timestamp="2024-08-09T18:03:32 IST" skipped="0">
  <testcase classname="testNGPack.NewTest" name="Execution" time="9.248"/>
  <system-out/>
</testsuite> <!-- testNGPack.NewTest -->
