<?xml version="1.0" encoding="UTF-8"?>
<!-- Generated by org.testng.reporters.JUnitReportReporter -->
<testsuite hostname="LAPTOP-3NFN0V0A" failures="0" tests="1" name="parameterizationTypes.parameterization" time="0.012" errors="0" timestamp="2024-08-22T11:58:10 IST" skipped="0">
  <testcase classname="parameterizationTypes.parameterization" name="f" time="0.012"/>
  <system-out/>
</testsuite> <!-- parameterizationTypes.parameterization -->
