<?xml version="1.0" encoding="UTF-8"?>
<!-- Generated by org.testng.reporters.JUnitReportReporter -->
<testsuite hostname="LAPTOP-3NFN0V0A" failures="0" tests="3" name="testNGPack.groupTestNG_class" time="0.015" errors="0" timestamp="2024-08-13T22:26:24 IST" skipped="0">
  <testcase classname="testNGPack.groupTestNG_class" name="m2" time="0.002"/>
  <system-out/>
  <testcase classname="testNGPack.groupTestNG_class" name="m1" time="0.012"/>
  <system-out/>
  <testcase classname="testNGPack.groupTestNG_class" name="m3" time="0.001"/>
  <system-out/>
</testsuite> <!-- testNGPack.groupTestNG_class -->
